<?xml version="1.0" encoding="UTF-8"?>
<testsuite name="shh.login.ui.LoginApiTest" tests="1" skipped="0" failures="0" errors="0" timestamp="2025-09-03T03:43:15.260Z" hostname="choeminjun-ui-MacBookPro.local" time="0.941">
  <properties/>
  <testcase name="로그인에_성공하면_JWT_accessToken을_받는다()" classname="shh.login.ui.LoginApiTest" time="0.941"/>
  <system-out><![CDATA[12:43:13.697 [Test worker] INFO org.springframework.test.context.support.AnnotationConfigContextLoaderUtils -- Could not detect default configuration classes for test class [shh.login.ui.LoginApiTest]: LoginApiTest does not declare any static, non-private, non-final, nested classes annotated with @Configuration.
12:43:13.738 [Test worker] INFO org.springframework.boot.test.context.SpringBootTestContextBootstrapper -- Found @SpringBootConfiguration shh.shhApplication for test class shh.login.ui.LoginApiTest

  .   ____          _            __ _ _
 /\\ / ___'_ __ _ _(_)_ __  __ _ \ \ \ \
( ( )\___ | '_ | '_| | '_ \/ _` | \ \ \ \
 \\/  ___)| |_)| | | | | || (_| |  ) ) ) )
  '  |____| .__|_| |_|_| |_\__, | / / / /
 =========|_|==============|___/=/_/_/_/

 :: Spring Boot ::                (v3.4.4)

2025-09-03T12:43:13.871+09:00  INFO 92707 --- [    Test worker] shh.login.ui.LoginApiTest                : Starting LoginApiTest using Java 21.0.5 with PID 92707 (started by choiminjun in /Users/choiminjun/woowa/lv2-final-mission)
2025-09-03T12:43:13.872+09:00  INFO 92707 --- [    Test worker] shh.login.ui.LoginApiTest                : The following 1 profile is active: "test"
2025-09-03T12:43:14.105+09:00  INFO 92707 --- [    Test worker] .s.d.r.c.RepositoryConfigurationDelegate : Bootstrapping Spring Data JPA repositories in DEFAULT mode.
2025-09-03T12:43:14.127+09:00  INFO 92707 --- [    Test worker] .s.d.r.c.RepositoryConfigurationDelegate : Finished Spring Data repository scanning in 19 ms. Found 4 JPA repository interfaces.
2025-09-03T12:43:14.312+09:00  INFO 92707 --- [    Test worker] o.s.b.w.embedded.tomcat.TomcatWebServer  : Tomcat initialized with port 0 (http)
2025-09-03T12:43:14.318+09:00  INFO 92707 --- [    Test worker] o.apache.catalina.core.StandardService   : Starting service [Tomcat]
2025-09-03T12:43:14.318+09:00  INFO 92707 --- [    Test worker] o.apache.catalina.core.StandardEngine    : Starting Servlet engine: [Apache Tomcat/10.1.39]
2025-09-03T12:43:14.338+09:00  INFO 92707 --- [    Test worker] o.a.c.c.C.[Tomcat].[localhost].[/]       : Initializing Spring embedded WebApplicationContext
2025-09-03T12:43:14.339+09:00  INFO 92707 --- [    Test worker] w.s.c.ServletWebServerApplicationContext : Root WebApplicationContext: initialization completed in 406 ms
2025-09-03T12:43:14.391+09:00  INFO 92707 --- [    Test worker] o.hibernate.jpa.internal.util.LogHelper  : HHH000204: Processing PersistenceUnitInfo [name: default]
2025-09-03T12:43:14.407+09:00  INFO 92707 --- [    Test worker] org.hibernate.Version                    : HHH000412: Hibernate ORM core version 6.6.11.Final
2025-09-03T12:43:14.416+09:00  INFO 92707 --- [    Test worker] o.h.c.internal.RegionFactoryInitiator    : HHH000026: Second-level cache disabled
2025-09-03T12:43:14.495+09:00  INFO 92707 --- [    Test worker] o.s.o.j.p.SpringPersistenceUnitInfo      : No LoadTimeWeaver setup: ignoring JPA class transformer
2025-09-03T12:43:14.504+09:00  INFO 92707 --- [    Test worker] com.zaxxer.hikari.HikariDataSource       : HikariPool-1 - Starting...
2025-09-03T12:43:14.565+09:00  INFO 92707 --- [    Test worker] com.zaxxer.hikari.pool.HikariPool        : HikariPool-1 - Added connection conn0: url=jdbc:h2:mem:database user=SA
2025-09-03T12:43:14.566+09:00  INFO 92707 --- [    Test worker] com.zaxxer.hikari.HikariDataSource       : HikariPool-1 - Start completed.
2025-09-03T12:43:14.583+09:00  INFO 92707 --- [    Test worker] org.hibernate.orm.connections.pooling    : HHH10001005: Database info:
	Database JDBC URL [Connecting through datasource 'HikariDataSource (HikariPool-1)']
	Database driver: undefined/unknown
	Database version: 2.3.232
	Autocommit mode: undefined/unknown
	Isolation level: undefined/unknown
	Minimum pool size: undefined/unknown
	Maximum pool size: undefined/unknown
2025-09-03T12:43:14.854+09:00  INFO 92707 --- [    Test worker] o.h.e.t.j.p.i.JtaPlatformInitiator       : HHH000489: No JTA platform available (set 'hibernate.transaction.jta.platform' to enable JTA platform integration)
2025-09-03T12:43:14.872+09:00  INFO 92707 --- [    Test worker] j.LocalContainerEntityManagerFactoryBean : Initialized JPA EntityManagerFactory for persistence unit 'default'
2025-09-03T12:43:15.082+09:00  WARN 92707 --- [    Test worker] JpaBaseConfiguration$JpaWebConfiguration : spring.jpa.open-in-view is enabled by default. Therefore, database queries may be performed during view rendering. Explicitly configure spring.jpa.open-in-view to disable this warning
2025-09-03T12:43:15.177+09:00  WARN 92707 --- [    Test worker] ion$DefaultTemplateResolverConfiguration : Cannot find template location: classpath:/templates/ (please add some templates, check your Thymeleaf configuration, or set spring.thymeleaf.check-template-location=false)
2025-09-03T12:43:15.208+09:00  INFO 92707 --- [    Test worker] o.s.b.a.h2.H2ConsoleAutoConfiguration    : H2 console available at '/h2-console'. Database available at 'jdbc:h2:mem:database'
2025-09-03T12:43:15.252+09:00  INFO 92707 --- [    Test worker] o.s.b.w.embedded.tomcat.TomcatWebServer  : Tomcat started on port 55862 (http) with context path '/'
2025-09-03T12:43:15.256+09:00  INFO 92707 --- [    Test worker] shh.login.ui.LoginApiTest                : Started LoginApiTest in 1.48 seconds (process running for 1.819)
2025-09-03T12:43:15.262+09:00  INFO 92707 --- [    Test worker] o.s.b.w.e.tomcat.GracefulShutdown        : Commencing graceful shutdown. Waiting for active requests to complete
2025-09-03T12:43:15.266+09:00  INFO 92707 --- [tomcat-shutdown] o.s.b.w.e.tomcat.GracefulShutdown        : Graceful shutdown complete
2025-09-03T12:43:15.268+09:00  INFO 92707 --- [    Test worker] j.LocalContainerEntityManagerFactoryBean : Closing JPA EntityManagerFactory for persistence unit 'default'
2025-09-03T12:43:15.269+09:00  INFO 92707 --- [    Test worker] com.zaxxer.hikari.HikariDataSource       : HikariPool-1 - Shutdown initiated...
2025-09-03T12:43:15.270+09:00  INFO 92707 --- [    Test worker] com.zaxxer.hikari.HikariDataSource       : HikariPool-1 - Shutdown completed.

  .   ____          _            __ _ _
 /\\ / ___'_ __ _ _(_)_ __  __ _ \ \ \ \
( ( )\___ | '_ | '_| | '_ \/ _` | \ \ \ \
 \\/  ___)| |_)| | | | | || (_| |  ) ) ) )
  '  |____| .__|_| |_|_| |_\__, | / / / /
 =========|_|==============|___/=/_/_/_/

 :: Spring Boot ::                (v3.4.4)

2025-09-03T12:43:15.286+09:00  INFO 92707 --- [    Test worker] shh.login.ui.LoginApiTest                : Starting LoginApiTest using Java 21.0.5 with PID 92707 (started by choiminjun in /Users/choiminjun/woowa/lv2-final-mission)
2025-09-03T12:43:15.286+09:00  INFO 92707 --- [    Test worker] shh.login.ui.LoginApiTest                : The following 1 profile is active: "test"
2025-09-03T12:43:15.333+09:00  INFO 92707 --- [    Test worker] .s.d.r.c.RepositoryConfigurationDelegate : Bootstrapping Spring Data JPA repositories in DEFAULT mode.
2025-09-03T12:43:15.337+09:00  INFO 92707 --- [    Test worker] .s.d.r.c.RepositoryConfigurationDelegate : Finished Spring Data repository scanning in 4 ms. Found 4 JPA repository interfaces.
2025-09-03T12:43:15.363+09:00  INFO 92707 --- [    Test worker] o.s.b.w.embedded.tomcat.TomcatWebServer  : Tomcat initialized with port 0 (http)
2025-09-03T12:43:15.363+09:00  INFO 92707 --- [    Test worker] o.apache.catalina.core.StandardService   : Starting service [Tomcat]
2025-09-03T12:43:15.363+09:00  INFO 92707 --- [    Test worker] o.apache.catalina.core.StandardEngine    : Starting Servlet engine: [Apache Tomcat/10.1.39]
2025-09-03T12:43:15.370+09:00  INFO 92707 --- [    Test worker] o.a.c.c.C.[Tomcat].[localhost].[/]       : Initializing Spring embedded WebApplicationContext
2025-09-03T12:43:15.370+09:00  INFO 92707 --- [    Test worker] w.s.c.ServletWebServerApplicationContext : Root WebApplicationContext: initialization completed in 83 ms
2025-09-03T12:43:15.382+09:00  INFO 92707 --- [    Test worker] o.hibernate.jpa.internal.util.LogHelper  : HHH000204: Processing PersistenceUnitInfo [name: default]
2025-09-03T12:43:15.383+09:00  INFO 92707 --- [    Test worker] o.h.c.internal.RegionFactoryInitiator    : HHH000026: Second-level cache disabled
2025-09-03T12:43:15.387+09:00  INFO 92707 --- [    Test worker] o.s.o.j.p.SpringPersistenceUnitInfo      : No LoadTimeWeaver setup: ignoring JPA class transformer
2025-09-03T12:43:15.387+09:00  INFO 92707 --- [    Test worker] com.zaxxer.hikari.HikariDataSource       : HikariPool-2 - Starting...
2025-09-03T12:43:15.388+09:00  INFO 92707 --- [    Test worker] com.zaxxer.hikari.pool.HikariPool        : HikariPool-2 - Added connection conn10: url=jdbc:h2:mem:database user=SA
2025-09-03T12:43:15.388+09:00  INFO 92707 --- [    Test worker] com.zaxxer.hikari.HikariDataSource       : HikariPool-2 - Start completed.
2025-09-03T12:43:15.389+09:00  INFO 92707 --- [    Test worker] org.hibernate.orm.connections.pooling    : HHH10001005: Database info:
	Database JDBC URL [Connecting through datasource 'HikariDataSource (HikariPool-2)']
	Database driver: undefined/unknown
	Database version: 2.3.232
	Autocommit mode: undefined/unknown
	Isolation level: undefined/unknown
	Minimum pool size: undefined/unknown
	Maximum pool size: undefined/unknown
2025-09-03T12:43:15.434+09:00  INFO 92707 --- [    Test worker] o.h.e.t.j.p.i.JtaPlatformInitiator       : HHH000489: No JTA platform available (set 'hibernate.transaction.jta.platform' to enable JTA platform integration)
2025-09-03T12:43:15.438+09:00  INFO 92707 --- [    Test worker] j.LocalContainerEntityManagerFactoryBean : Initialized JPA EntityManagerFactory for persistence unit 'default'
2025-09-03T12:43:15.465+09:00  WARN 92707 --- [    Test worker] JpaBaseConfiguration$JpaWebConfiguration : spring.jpa.open-in-view is enabled by default. Therefore, database queries may be performed during view rendering. Explicitly configure spring.jpa.open-in-view to disable this warning
2025-09-03T12:43:15.485+09:00  WARN 92707 --- [    Test worker] ion$DefaultTemplateResolverConfiguration : Cannot find template location: classpath:/templates/ (please add some templates, check your Thymeleaf configuration, or set spring.thymeleaf.check-template-location=false)
2025-09-03T12:43:15.490+09:00  INFO 92707 --- [    Test worker] o.s.b.a.h2.H2ConsoleAutoConfiguration    : H2 console available at '/h2-console'. Database available at 'jdbc:h2:mem:database'
2025-09-03T12:43:15.501+09:00  INFO 92707 --- [    Test worker] o.s.b.w.embedded.tomcat.TomcatWebServer  : Tomcat started on port 55864 (http) with context path '/'
2025-09-03T12:43:15.502+09:00  INFO 92707 --- [    Test worker] shh.login.ui.LoginApiTest                : Started LoginApiTest in 0.229 seconds (process running for 2.065)
Request method:	POST
Request URI:	http://localhost:55864/login
Proxy:			<none>
Request params:	<none>
Query params:	<none>
Form params:	<none>
Path params:	<none>
Headers:		Accept=*/*
				Content-Type=application/json
Cookies:		<none>
Multiparts:		<none>
Body:
{
    "email": "test1@email.com",
    "password": "1234"
}
2025-09-03T12:43:16.058+09:00  INFO 92707 --- [o-auto-2-exec-1] o.a.c.c.C.[Tomcat].[localhost].[/]       : Initializing Spring DispatcherServlet 'dispatcherServlet'
2025-09-03T12:43:16.058+09:00  INFO 92707 --- [o-auto-2-exec-1] o.s.web.servlet.DispatcherServlet        : Initializing Servlet 'dispatcherServlet'
2025-09-03T12:43:16.058+09:00  INFO 92707 --- [o-auto-2-exec-1] o.s.web.servlet.DispatcherServlet        : Completed initialization in 0 ms
HTTP/1.1 200 
Set-Cookie: token=eyJhbGciOiJIUzI1NiJ9.eyJpZCI6MSwicm9sZSI6Ik1FTUJFUiIsImlhdCI6MTc1Njg3MDk5NiwiZXhwIjoxNzU2ODcxNTk2fQ.ABGqpbQQFWyxibY3aNVmWGu9slqxcyhTLpbUBXw9AoQ; Max-Age=600000; Expires=Wed, 10 Sep 2025 02:23:16 GMT
Content-Length: 0
Date: Wed, 03 Sep 2025 03:43:16 GMT
Keep-Alive: timeout=60
Connection: keep-alive
]]></system-out>
  <system-err><![CDATA[Mockito is currently self-attaching to enable the inline-mock-maker. This will no longer work in future releases of the JDK. Please add Mockito as an agent to your build what is described in Mockito's documentation: https://javadoc.io/doc/org.mockito/mockito-core/latest/org/mockito/Mockito.html#0.3
WARNING: A Java agent has been loaded dynamically (/Users/choiminjun/.gradle/caches/modules-2/files-2.1/net.bytebuddy/byte-buddy-agent/1.15.11/a38b16385e867f59a641330f0362ebe742788ed8/byte-buddy-agent-1.15.11.jar)
WARNING: If a serviceability tool is in use, please run with -XX:+EnableDynamicAgentLoading to hide this warning
WARNING: If a serviceability tool is not in use, please run with -Djdk.instrument.traceUsage for more information
WARNING: Dynamic loading of agents will be disallowed by default in a future release
]]></system-err>
</testsuite>
